Arguments: 
  /home/svordy/.nvm/versions/node/v16.14.2/bin/node /snap/node/6895/bin/yarn.js add --dev jest

PATH: 
  /home/svordy/.nvm/versions/node/v16.14.2/bin:/home/linuxbrew/.linuxbrew/bin:/home/linuxbrew/.linuxbrew/sbin:/usr/local/sbin:/usr/local/bin:/usr/sbin:/usr/bin:/sbin:/bin:/usr/games:/usr/local/games:/snap/bin:/snap/bin:/home/svordy/bin:/home/svordy/work/tools:/home/svordy/study/jdk-18.0.1:/home/svordy/study/jdk-18.0.1/bin:/home/svordy/study/apache-maven-3.8.5/bin:/home/svordy/study/idea-IC-221.5080.210/bin:/home/svordy/study/android-studio/bin:/usr/local/go/bin

Yarn version: 
  1.22.19

Node version: 
  16.14.2

Platform: 
  linux x64

Trace: 
  Error: default/jest: Invalid URI "default/jest"
      at Request.module.exports.Request.init (/snap/node/6895/lib/cli.js:140978:31)
      at new Request (/snap/node/6895/lib/cli.js:140832:8)
      at request (/snap/node/6895/lib/cli.js:137738:10)
      at RequestManager.execute (/snap/node/6895/lib/cli.js:66197:15)
      at RequestManager.shiftQueue (/snap/node/6895/lib/cli.js:66235:10)
      at /snap/node/6895/lib/cli.js:65905:13
      at new Promise (<anonymous>)
      at new F (/snap/node/6895/lib/cli.js:5305:28)
      at RequestManager.request (/snap/node/6895/lib/cli.js:65903:19)
      at NpmRegistry.<anonymous> (/snap/node/6895/lib/cli.js:31751:42)

npm manifest: 
  {
    "name": "flashcard-newtab",
    "version": "0.0.0",
    "description": "Be prompted with your flashcards on your new tab screen!",
    "main": "index.js",
    "repository": "git@github.com:svota/flashcard-newtab.git",
    "author": "Daniel Landry <svordy@gmail.com>",
    "license": "MIT"
  }

yarn manifest: 
  No manifest

Lockfile: 
  # THIS IS AN AUTOGENERATED FILE. DO NOT EDIT THIS FILE DIRECTLY.
  # yarn lockfile v1
